{
  "stats": {
    "suites": 8,
    "tests": 16,
    "passes": 4,
    "pending": 12,
    "failures": 0,
    "start": "2022-07-04T14:01:05.313Z",
    "end": "2022-07-04T14:01:08.685Z",
    "duration": 3372,
    "testsRegistered": 16,
    "passPercent": 100,
    "pendingPercent": 75,
    "other": 0,
    "hasOther": false,
    "skipped": 0,
    "hasSkipped": false
  },
  "results": [
    {
      "uuid": "83b3f2bb-b4a0-46cb-b5a1-ebaf4d31856d",
      "title": "",
      "fullFile": "",
      "file": "",
      "beforeHooks": [],
      "afterHooks": [],
      "tests": [],
      "suites": [
        {
          "uuid": "4cc467db-e688-4da3-abe8-aa1256d2a81a",
          "title": "User Posts",
          "fullFile": "C:\\Users\\dasha\\api-typescript\\API-JavaScript\\test\\post.js",
          "file": "\\test\\post.js",
          "beforeHooks": [
            {
              "title": "\"before all\" hook in \"User Posts\"",
              "fullTitle": "User Posts \"before all\" hook in \"User Posts\"",
              "timedOut": false,
              "duration": 830,
              "state": null,
              "speed": null,
              "pass": false,
              "fail": false,
              "pending": false,
              "context": null,
              "code": "//userId = await createRandomUser();\nuserId = await createRandomUserWithFaker();",
              "err": {},
              "uuid": "48d348fa-0cfe-4e66-bdb1-3067b3bfc246",
              "parentUUID": "4cc467db-e688-4da3-abe8-aa1256d2a81a",
              "isHook": true,
              "skipped": false
            }
          ],
          "afterHooks": [],
          "tests": [
            {
              "title": "/posts",
              "fullTitle": "User Posts /posts",
              "timedOut": false,
              "duration": 623,
              "state": "passed",
              "speed": "slow",
              "pass": true,
              "fail": false,
              "pending": false,
              "context": null,
              "code": "const data = {\n            user_id: userId,\n            title: faker.lorem.sentence(),\n            body: faker.lorem.sentence(),\n        };\n        \n        const postRes = await request\n        .post(`/posts?access-token=${TOKEN}`)\n        .send(data);\n        \n        expect(postRes.body.data).to.deep.include(data);\n        postId = postRes.body.data.id;",
              "err": {},
              "uuid": "ceda8cb7-435f-48c5-a097-74347e60c3a6",
              "parentUUID": "4cc467db-e688-4da3-abe8-aa1256d2a81a",
              "isHook": false,
              "skipped": false
            },
            {
              "title": "GET /posts/:id",
              "fullTitle": "User Posts GET /posts/:id",
              "timedOut": false,
              "duration": 619,
              "state": "passed",
              "speed": "slow",
              "pass": true,
              "fail": false,
              "pending": false,
              "context": null,
              "code": "await request\n.get(`/posts/${postId}?access-token=${TOKEN}`)\n.expect(200);",
              "err": {},
              "uuid": "b4fb4f98-36b6-4daf-811b-1df83acf5f89",
              "parentUUID": "4cc467db-e688-4da3-abe8-aa1256d2a81a",
              "isHook": false,
              "skipped": false
            }
          ],
          "suites": [
            {
              "uuid": "3704b680-36ff-4c1a-95bd-cab7c2cc4b54",
              "title": "Negative tests",
              "fullFile": "C:\\Users\\dasha\\api-typescript\\API-JavaScript\\test\\post.js",
              "file": "\\test\\post.js",
              "beforeHooks": [],
              "afterHooks": [],
              "tests": [
                {
                  "title": "401 Authentification failed",
                  "fullTitle": "User Posts Negative tests 401 Authentification failed",
                  "timedOut": false,
                  "duration": 607,
                  "state": "passed",
                  "speed": "slow",
                  "pass": true,
                  "fail": false,
                  "pending": false,
                  "context": null,
                  "code": "const data = {\n    user_id: userId,\n    title: 'my title',\n    body:'my blog post',\n};\n\nconst postRes = await request.post(`/posts`).send(data);\n\nconsole.log(postRes.body);\nexpect(postRes.body.code).to.eq(401);\nexpect(postRes.body.data.message).to.eq('Authentication failed');",
                  "err": {},
                  "uuid": "cf8f7325-58f7-4719-810b-5d87c1ceebb9",
                  "parentUUID": "3704b680-36ff-4c1a-95bd-cab7c2cc4b54",
                  "isHook": false,
                  "skipped": false
                },
                {
                  "title": "422 Validation failed",
                  "fullTitle": "User Posts Negative tests 422 Validation failed",
                  "timedOut": false,
                  "duration": 676,
                  "state": "passed",
                  "speed": "slow",
                  "pass": true,
                  "fail": false,
                  "pending": false,
                  "context": null,
                  "code": "const data = {\n    user_id: userId,\n    title: 'my title',\n};\n\nconst postRes = await request\n    .post(`/posts?access-token=${TOKEN}`)\n    .send(data);\nexpect(postRes.body.code).to.eq(422);\nexpect(postRes.body.data[0].field).to.eq('body');\nexpect(postRes.body.data[0].message).to.eq(\"can't be blank\");",
                  "err": {},
                  "uuid": "68c468dd-06cc-42d8-8be1-7fb5ab367894",
                  "parentUUID": "3704b680-36ff-4c1a-95bd-cab7c2cc4b54",
                  "isHook": false,
                  "skipped": false
                }
              ],
              "suites": [],
              "passes": [
                "cf8f7325-58f7-4719-810b-5d87c1ceebb9",
                "68c468dd-06cc-42d8-8be1-7fb5ab367894"
              ],
              "failures": [],
              "pending": [],
              "skipped": [],
              "duration": 1283,
              "root": false,
              "rootEmpty": false,
              "_timeout": 2000
            }
          ],
          "passes": [
            "ceda8cb7-435f-48c5-a097-74347e60c3a6",
            "b4fb4f98-36b6-4daf-811b-1df83acf5f89"
          ],
          "failures": [],
          "pending": [],
          "skipped": [],
          "duration": 1242,
          "root": false,
          "rootEmpty": false,
          "_timeout": 2000
        },
        {
          "uuid": "2b9901be-d5fa-41ac-898f-d971f73774d4",
          "title": "Users",
          "fullFile": "C:\\Users\\dasha\\api-typescript\\API-JavaScript\\test\\users.advansed.js",
          "file": "\\test\\users.advansed.js",
          "beforeHooks": [],
          "afterHooks": [],
          "tests": [],
          "suites": [
            {
              "uuid": "b06cd707-afd3-4613-96a1-d5310816e974",
              "title": "POST",
              "fullFile": "C:\\Users\\dasha\\api-typescript\\API-JavaScript\\test\\users.advansed.js",
              "file": "\\test\\users.advansed.js",
              "beforeHooks": [],
              "afterHooks": [],
              "tests": [
                {
                  "title": "/users",
                  "fullTitle": "Users POST /users",
                  "timedOut": false,
                  "duration": 0,
                  "state": "pending",
                  "speed": null,
                  "pass": false,
                  "fail": false,
                  "pending": true,
                  "context": null,
                  "code": "",
                  "err": {},
                  "uuid": "eea0054b-19c9-4d0d-b8aa-5e96425414db",
                  "parentUUID": "b06cd707-afd3-4613-96a1-d5310816e974",
                  "isHook": false,
                  "skipped": false
                }
              ],
              "suites": [],
              "passes": [],
              "failures": [],
              "pending": [
                "eea0054b-19c9-4d0d-b8aa-5e96425414db"
              ],
              "skipped": [],
              "duration": 0,
              "root": false,
              "rootEmpty": false,
              "_timeout": 2000
            },
            {
              "uuid": "0fa6e222-bf60-459d-a5fd-c20cd3611430",
              "title": "GET",
              "fullFile": "C:\\Users\\dasha\\api-typescript\\API-JavaScript\\test\\users.advansed.js",
              "file": "\\test\\users.advansed.js",
              "beforeHooks": [],
              "afterHooks": [],
              "tests": [
                {
                  "title": "/users",
                  "fullTitle": "Users GET /users",
                  "timedOut": false,
                  "duration": 0,
                  "state": "pending",
                  "speed": null,
                  "pass": false,
                  "fail": false,
                  "pending": true,
                  "context": null,
                  "code": "",
                  "err": {},
                  "uuid": "bf9579f5-1ad7-4fa7-b311-9775554ca09a",
                  "parentUUID": "0fa6e222-bf60-459d-a5fd-c20cd3611430",
                  "isHook": false,
                  "skipped": false
                },
                {
                  "title": "/users/:id",
                  "fullTitle": "Users GET /users/:id",
                  "timedOut": false,
                  "duration": 0,
                  "state": "pending",
                  "speed": null,
                  "pass": false,
                  "fail": false,
                  "pending": true,
                  "context": null,
                  "code": "",
                  "err": {},
                  "uuid": "66089b4c-1193-4ef8-8a25-026ea7f7ab78",
                  "parentUUID": "0fa6e222-bf60-459d-a5fd-c20cd3611430",
                  "isHook": false,
                  "skipped": false
                },
                {
                  "title": "/users with query params",
                  "fullTitle": "Users GET /users with query params",
                  "timedOut": false,
                  "duration": 0,
                  "state": "pending",
                  "speed": null,
                  "pass": false,
                  "fail": false,
                  "pending": true,
                  "context": null,
                  "code": "",
                  "err": {},
                  "uuid": "040d1952-c899-407e-ae78-1da732e19225",
                  "parentUUID": "0fa6e222-bf60-459d-a5fd-c20cd3611430",
                  "isHook": false,
                  "skipped": false
                }
              ],
              "suites": [],
              "passes": [],
              "failures": [],
              "pending": [
                "bf9579f5-1ad7-4fa7-b311-9775554ca09a",
                "66089b4c-1193-4ef8-8a25-026ea7f7ab78",
                "040d1952-c899-407e-ae78-1da732e19225"
              ],
              "skipped": [],
              "duration": 0,
              "root": false,
              "rootEmpty": false,
              "_timeout": 2000
            },
            {
              "uuid": "6fb61c7e-8c1a-4026-9f46-7e045c9d2844",
              "title": "PUT",
              "fullFile": "C:\\Users\\dasha\\api-typescript\\API-JavaScript\\test\\users.advansed.js",
              "file": "\\test\\users.advansed.js",
              "beforeHooks": [],
              "afterHooks": [],
              "tests": [
                {
                  "title": "PUT /users/:id",
                  "fullTitle": "Users PUT PUT /users/:id",
                  "timedOut": false,
                  "duration": 0,
                  "state": "pending",
                  "speed": null,
                  "pass": false,
                  "fail": false,
                  "pending": true,
                  "context": null,
                  "code": "",
                  "err": {},
                  "uuid": "8d383fc4-2073-4d7f-a1a4-3c35581a3080",
                  "parentUUID": "6fb61c7e-8c1a-4026-9f46-7e045c9d2844",
                  "isHook": false,
                  "skipped": false
                }
              ],
              "suites": [],
              "passes": [],
              "failures": [],
              "pending": [
                "8d383fc4-2073-4d7f-a1a4-3c35581a3080"
              ],
              "skipped": [],
              "duration": 0,
              "root": false,
              "rootEmpty": false,
              "_timeout": 2000
            },
            {
              "uuid": "04ccd0fa-ee02-425c-8cff-1ad3ca949078",
              "title": "DELETE",
              "fullFile": "C:\\Users\\dasha\\api-typescript\\API-JavaScript\\test\\users.advansed.js",
              "file": "\\test\\users.advansed.js",
              "beforeHooks": [],
              "afterHooks": [],
              "tests": [
                {
                  "title": "DELETE/users/:id",
                  "fullTitle": "Users DELETE DELETE/users/:id",
                  "timedOut": false,
                  "duration": 0,
                  "state": "pending",
                  "speed": null,
                  "pass": false,
                  "fail": false,
                  "pending": true,
                  "context": null,
                  "code": "",
                  "err": {},
                  "uuid": "d8229563-4558-4959-9458-fc6224e6214a",
                  "parentUUID": "04ccd0fa-ee02-425c-8cff-1ad3ca949078",
                  "isHook": false,
                  "skipped": false
                }
              ],
              "suites": [],
              "passes": [],
              "failures": [],
              "pending": [
                "d8229563-4558-4959-9458-fc6224e6214a"
              ],
              "skipped": [],
              "duration": 0,
              "root": false,
              "rootEmpty": false,
              "_timeout": 2000
            }
          ],
          "passes": [],
          "failures": [],
          "pending": [],
          "skipped": [],
          "duration": 0,
          "root": false,
          "rootEmpty": false,
          "_timeout": 2000
        },
        {
          "uuid": "6df7192a-8be1-4a36-b157-8d3002598b4b",
          "title": "Users",
          "fullFile": "C:\\Users\\dasha\\api-typescript\\API-JavaScript\\test\\users.js",
          "file": "\\test\\users.js",
          "beforeHooks": [],
          "afterHooks": [],
          "tests": [
            {
              "title": "GET/Users",
              "fullTitle": "Users GET/Users",
              "timedOut": false,
              "duration": 0,
              "state": "pending",
              "speed": null,
              "pass": false,
              "fail": false,
              "pending": true,
              "context": null,
              "code": "",
              "err": {},
              "uuid": "1cb3abe6-9fd4-45d4-9e5f-e1a2c2618b3d",
              "parentUUID": "6df7192a-8be1-4a36-b157-8d3002598b4b",
              "isHook": false,
              "skipped": false
            },
            {
              "title": "GET/users/:id",
              "fullTitle": "Users GET/users/:id",
              "timedOut": false,
              "duration": 0,
              "state": "pending",
              "speed": null,
              "pass": false,
              "fail": false,
              "pending": true,
              "context": null,
              "code": "",
              "err": {},
              "uuid": "6b72f81a-2b74-4232-9ed1-73161ac0258b",
              "parentUUID": "6df7192a-8be1-4a36-b157-8d3002598b4b",
              "isHook": false,
              "skipped": false
            },
            {
              "title": "GET /users with query params",
              "fullTitle": "Users GET /users with query params",
              "timedOut": false,
              "duration": 0,
              "state": "pending",
              "speed": null,
              "pass": false,
              "fail": false,
              "pending": true,
              "context": null,
              "code": "",
              "err": {},
              "uuid": "44a70ca5-da22-4662-8434-28fd86f9317c",
              "parentUUID": "6df7192a-8be1-4a36-b157-8d3002598b4b",
              "isHook": false,
              "skipped": false
            },
            {
              "title": "POST/users",
              "fullTitle": "Users POST/users",
              "timedOut": false,
              "duration": 0,
              "state": "pending",
              "speed": null,
              "pass": false,
              "fail": false,
              "pending": true,
              "context": null,
              "code": "",
              "err": {},
              "uuid": "91970727-b184-47c1-a9c3-24ea2cc7206e",
              "parentUUID": "6df7192a-8be1-4a36-b157-8d3002598b4b",
              "isHook": false,
              "skipped": false
            },
            {
              "title": "PUT /users/:id",
              "fullTitle": "Users PUT /users/:id",
              "timedOut": false,
              "duration": 0,
              "state": "pending",
              "speed": null,
              "pass": false,
              "fail": false,
              "pending": true,
              "context": null,
              "code": "",
              "err": {},
              "uuid": "9722cfe7-63bd-4e66-949d-5abf2fadfb0a",
              "parentUUID": "6df7192a-8be1-4a36-b157-8d3002598b4b",
              "isHook": false,
              "skipped": false
            },
            {
              "title": "DELETE/users/:id",
              "fullTitle": "Users DELETE/users/:id",
              "timedOut": false,
              "duration": 0,
              "state": "pending",
              "speed": null,
              "pass": false,
              "fail": false,
              "pending": true,
              "context": null,
              "code": "",
              "err": {},
              "uuid": "a25fa46b-48f8-495b-9a0f-85b52c14ff0c",
              "parentUUID": "6df7192a-8be1-4a36-b157-8d3002598b4b",
              "isHook": false,
              "skipped": false
            }
          ],
          "suites": [],
          "passes": [],
          "failures": [],
          "pending": [
            "1cb3abe6-9fd4-45d4-9e5f-e1a2c2618b3d",
            "6b72f81a-2b74-4232-9ed1-73161ac0258b",
            "44a70ca5-da22-4662-8434-28fd86f9317c",
            "91970727-b184-47c1-a9c3-24ea2cc7206e",
            "9722cfe7-63bd-4e66-949d-5abf2fadfb0a",
            "a25fa46b-48f8-495b-9a0f-85b52c14ff0c"
          ],
          "skipped": [],
          "duration": 0,
          "root": false,
          "rootEmpty": false,
          "_timeout": 2000
        }
      ],
      "passes": [],
      "failures": [],
      "pending": [],
      "skipped": [],
      "duration": 0,
      "root": true,
      "rootEmpty": true,
      "_timeout": 2000
    }
  ],
  "meta": {
    "mocha": {
      "version": "10.0.0"
    },
    "mochawesome": {
      "options": {
        "quiet": false,
        "reportFilename": "mochawesome",
        "saveHtml": true,
        "saveJson": true,
        "consoleReporter": "spec",
        "useInlineDiffs": false,
        "code": true
      },
      "version": "7.1.3"
    },
    "marge": {
      "options": null,
      "version": "6.2.0"
    }
  }
}